2014-09-30 16:31:46,474 - [INFO] - from play in pool-4-thread-6 
Listening for HTTP on /0:0:0:0:0:0:0:0:9000

2014-09-30 16:31:58,290 - [DEBUG] - from com.jolbox.bonecp.BoneCPDataSource in play-internal-execution-context-1 
JDBC URL = jdbc:sqlite:conf/problemsdb.sql, Username = null, partitions = 1, max (per partition) = 30, min (per partition) = 5, idle max age = 10 min, idle test period = 1 min, strategy = DEFAULT

2014-09-30 16:31:58,300 - [WARN] - from com.jolbox.bonecp.BoneCPConfig in play-internal-execution-context-1 
JDBC username was not set in config!

2014-09-30 16:31:58,301 - [WARN] - from com.jolbox.bonecp.BoneCPConfig in play-internal-execution-context-1 
JDBC password was not set in config!

2014-09-30 16:31:58,375 - [INFO] - from play in play-internal-execution-context-1 
database [default] connected at jdbc:sqlite:conf/problemsdb.sql

2014-09-30 16:31:58,923 - [INFO] - from play in play-internal-execution-context-1 
Application started (Dev)

2014-09-30 16:31:59,409 - [DEBUG] - from com.jolbox.bonecp.PreparedStatementHandle in play-akka.actor.default-dispatcher-3 
select t0.problemId c0, t0.problemName c1, t0.problemQuestion c2 from ProblemDescriptors t0

2014-09-30 16:31:59,420 - [DEBUG] - from com.jolbox.bonecp.PreparedStatementHandle in play-akka.actor.default-dispatcher-3 
select t0.problemId c0, t0.parameterId c1, t0.problemId c2, t0.parameterName c3, t0.parameterProperName c4, t0.parameterDefaultValue c5 from ProblemParameters t0 where (t0.problemId) in (1) 

2014-09-30 16:31:59,421 - [DEBUG] - from com.jolbox.bonecp.PreparedStatementHandle in play-akka.actor.default-dispatcher-3 
select t0.problemId c0, t0.parameterId c1, t0.problemId c2, t0.parameterName c3, t0.parameterProperName c4, t0.parameterDefaultValue c5 from ProblemParameters t0 where (t0.problemId) in (2) 

2014-09-30 16:31:59,422 - [DEBUG] - from com.jolbox.bonecp.PreparedStatementHandle in play-akka.actor.default-dispatcher-3 
select t0.problemId c0, t0.parameterId c1, t0.problemId c2, t0.parameterName c3, t0.parameterProperName c4, t0.parameterDefaultValue c5 from ProblemParameters t0 where (t0.problemId) in (3) 

2014-09-30 16:32:33,360 - [DEBUG] - from com.jolbox.bonecp.PreparedStatementHandle in play-akka.actor.default-dispatcher-4 
insert into ProblemDescriptors (problemName, problemQuestion) values ('Problem 4','How much is 2 plus 1?')

2014-09-30 16:32:33,362 - [DEBUG] - from com.jolbox.bonecp.PreparedStatementHandle in play-akka.actor.default-dispatcher-4 
select last_insert_rowid()

2014-09-30 16:32:33,365 - [DEBUG] - from com.jolbox.bonecp.PreparedStatementHandle in play-akka.actor.default-dispatcher-4 
insert into ProblemParameters (problemId, problemId, parameterName, parameterProperName, parameterDefaultValue) values (20,0,'Test4','Test 4',4)

2014-09-30 16:32:33,365 - [DEBUG] - from com.jolbox.bonecp.PreparedStatementHandle in play-akka.actor.default-dispatcher-4 
select last_insert_rowid()

2014-09-30 16:32:37,468 - [INFO] - from com.jolbox.bonecp.BoneCP in play-internal-execution-context-1 
Shutting down connection pool...

2014-09-30 16:32:37,469 - [DEBUG] - from com.jolbox.bonecp.PoolWatchThread in BoneCP-pool-watch-thread 
Terminating pool watch thread

2014-09-30 16:32:37,470 - [INFO] - from com.jolbox.bonecp.BoneCP in play-internal-execution-context-1 
Connection pool has been shutdown.

2014-09-30 16:32:37,470 - [DEBUG] - from com.jolbox.bonecp.BoneCPDataSource in play-internal-execution-context-1 
Connection pool has been shut down

2014-09-30 16:32:37,514 - [DEBUG] - from com.jolbox.bonecp.BoneCPDataSource in play-internal-execution-context-1 
JDBC URL = jdbc:sqlite:conf/problemsdb.sql, Username = null, partitions = 1, max (per partition) = 30, min (per partition) = 5, idle max age = 10 min, idle test period = 1 min, strategy = DEFAULT

2014-09-30 16:32:37,514 - [WARN] - from com.jolbox.bonecp.BoneCPConfig in play-internal-execution-context-1 
JDBC username was not set in config!

2014-09-30 16:32:37,514 - [WARN] - from com.jolbox.bonecp.BoneCPConfig in play-internal-execution-context-1 
JDBC password was not set in config!

2014-09-30 16:32:37,516 - [INFO] - from play in play-internal-execution-context-1 
database [default] connected at jdbc:sqlite:conf/problemsdb.sql

2014-09-30 16:32:37,547 - [INFO] - from play in play-internal-execution-context-1 
Application started (Dev)

2014-09-30 16:32:37,554 - [DEBUG] - from com.jolbox.bonecp.PreparedStatementHandle in play-akka.actor.default-dispatcher-5 
select t0.problemId c0, t0.problemName c1, t0.problemQuestion c2 from ProblemDescriptors t0

2014-09-30 16:32:37,556 - [DEBUG] - from com.jolbox.bonecp.PreparedStatementHandle in play-akka.actor.default-dispatcher-5 
select t0.problemId c0, t0.parameterId c1, t0.problemId c2, t0.parameterName c3, t0.parameterProperName c4, t0.parameterDefaultValue c5 from ProblemParameters t0 where (t0.problemId) in (1) 

2014-09-30 16:32:37,557 - [DEBUG] - from com.jolbox.bonecp.PreparedStatementHandle in play-akka.actor.default-dispatcher-5 
select t0.problemId c0, t0.parameterId c1, t0.problemId c2, t0.parameterName c3, t0.parameterProperName c4, t0.parameterDefaultValue c5 from ProblemParameters t0 where (t0.problemId) in (2) 

2014-09-30 16:32:37,558 - [DEBUG] - from com.jolbox.bonecp.PreparedStatementHandle in play-akka.actor.default-dispatcher-5 
select t0.problemId c0, t0.parameterId c1, t0.problemId c2, t0.parameterName c3, t0.parameterProperName c4, t0.parameterDefaultValue c5 from ProblemParameters t0 where (t0.problemId) in (3) 

2014-09-30 16:32:37,559 - [DEBUG] - from com.jolbox.bonecp.PreparedStatementHandle in play-akka.actor.default-dispatcher-5 
select t0.problemId c0, t0.parameterId c1, t0.problemId c2, t0.parameterName c3, t0.parameterProperName c4, t0.parameterDefaultValue c5 from ProblemParameters t0 where (t0.problemId) in (20) 

2014-09-30 16:32:46,811 - [DEBUG] - from com.jolbox.bonecp.PreparedStatementHandle in play-akka.actor.default-dispatcher-5 
select t0.problemId c0, t0.problemName c1, t0.problemQuestion c2 from ProblemDescriptors t0

2014-09-30 16:32:46,812 - [DEBUG] - from com.jolbox.bonecp.PreparedStatementHandle in play-akka.actor.default-dispatcher-5 
select t0.problemId c0, t0.problemName c1, t0.problemQuestion c2 from ProblemDescriptors t0 where t0.problemId = 1  

2014-09-30 16:32:46,813 - [DEBUG] - from com.jolbox.bonecp.PreparedStatementHandle in play-akka.actor.default-dispatcher-5 
select t0.problemId c0, t0.problemName c1, t0.problemQuestion c2 from ProblemDescriptors t0 where t0.problemId = 1  

2014-09-30 16:32:46,813 - [DEBUG] - from com.jolbox.bonecp.PreparedStatementHandle in play-akka.actor.default-dispatcher-5 
select t0.problemId c0, t0.problemName c1, t0.problemQuestion c2 from ProblemDescriptors t0 where t0.problemId = 2  

2014-09-30 16:32:46,814 - [DEBUG] - from com.jolbox.bonecp.PreparedStatementHandle in play-akka.actor.default-dispatcher-5 
select t0.problemId c0, t0.problemName c1, t0.problemQuestion c2 from ProblemDescriptors t0 where t0.problemId = 2  

2014-09-30 16:32:46,814 - [DEBUG] - from com.jolbox.bonecp.PreparedStatementHandle in play-akka.actor.default-dispatcher-5 
select t0.problemId c0, t0.problemName c1, t0.problemQuestion c2 from ProblemDescriptors t0 where t0.problemId = 3  

2014-09-30 16:32:46,814 - [DEBUG] - from com.jolbox.bonecp.PreparedStatementHandle in play-akka.actor.default-dispatcher-5 
select t0.problemId c0, t0.problemName c1, t0.problemQuestion c2 from ProblemDescriptors t0 where t0.problemId = 3  

2014-09-30 16:32:49,993 - [DEBUG] - from com.jolbox.bonecp.PreparedStatementHandle in play-akka.actor.default-dispatcher-5 
select t0.problemId c0, t0.problemName c1, t0.problemQuestion c2 from ProblemDescriptors t0 where t0.problemId = 20  

2014-09-30 16:32:49,997 - [DEBUG] - from com.jolbox.bonecp.PreparedStatementHandle in play-akka.actor.default-dispatcher-5 
delete from ProblemParameters where problemId = 20

2014-09-30 16:32:49,999 - [DEBUG] - from com.jolbox.bonecp.PreparedStatementHandle in play-akka.actor.default-dispatcher-5 
delete from ProblemDescriptors where problemId=20 and problemName='Problem 4' and problemQuestion='How much is 2 plus 1?'

2014-09-30 16:32:54,995 - [INFO] - from com.jolbox.bonecp.BoneCP in play-internal-execution-context-1 
Shutting down connection pool...

2014-09-30 16:32:54,996 - [DEBUG] - from com.jolbox.bonecp.PoolWatchThread in BoneCP-pool-watch-thread 
Terminating pool watch thread

2014-09-30 16:32:54,996 - [INFO] - from com.jolbox.bonecp.BoneCP in play-internal-execution-context-1 
Connection pool has been shutdown.

2014-09-30 16:32:54,996 - [DEBUG] - from com.jolbox.bonecp.BoneCPDataSource in play-internal-execution-context-1 
Connection pool has been shut down

2014-09-30 16:32:55,045 - [DEBUG] - from com.jolbox.bonecp.BoneCPDataSource in play-internal-execution-context-1 
JDBC URL = jdbc:sqlite:conf/problemsdb.sql, Username = null, partitions = 1, max (per partition) = 30, min (per partition) = 5, idle max age = 10 min, idle test period = 1 min, strategy = DEFAULT

2014-09-30 16:32:55,046 - [WARN] - from com.jolbox.bonecp.BoneCPConfig in play-internal-execution-context-1 
JDBC username was not set in config!

2014-09-30 16:32:55,046 - [WARN] - from com.jolbox.bonecp.BoneCPConfig in play-internal-execution-context-1 
JDBC password was not set in config!

2014-09-30 16:32:55,049 - [INFO] - from play in play-internal-execution-context-1 
database [default] connected at jdbc:sqlite:conf/problemsdb.sql

2014-09-30 16:32:55,081 - [INFO] - from play in play-internal-execution-context-1 
Application started (Dev)

2014-09-30 16:32:55,089 - [DEBUG] - from com.jolbox.bonecp.PreparedStatementHandle in play-akka.actor.default-dispatcher-4 
select t0.problemId c0, t0.problemName c1, t0.problemQuestion c2 from ProblemDescriptors t0

2014-09-30 16:32:55,091 - [DEBUG] - from com.jolbox.bonecp.PreparedStatementHandle in play-akka.actor.default-dispatcher-4 
select t0.problemId c0, t0.parameterId c1, t0.problemId c2, t0.parameterName c3, t0.parameterProperName c4, t0.parameterDefaultValue c5 from ProblemParameters t0 where (t0.problemId) in (1) 

2014-09-30 16:32:55,093 - [DEBUG] - from com.jolbox.bonecp.PreparedStatementHandle in play-akka.actor.default-dispatcher-4 
select t0.problemId c0, t0.parameterId c1, t0.problemId c2, t0.parameterName c3, t0.parameterProperName c4, t0.parameterDefaultValue c5 from ProblemParameters t0 where (t0.problemId) in (2) 

2014-09-30 16:32:55,094 - [DEBUG] - from com.jolbox.bonecp.PreparedStatementHandle in play-akka.actor.default-dispatcher-4 
select t0.problemId c0, t0.parameterId c1, t0.problemId c2, t0.parameterName c3, t0.parameterProperName c4, t0.parameterDefaultValue c5 from ProblemParameters t0 where (t0.problemId) in (3) 

2014-09-30 16:34:45,677 - [DEBUG] - from com.jolbox.bonecp.PreparedStatementHandle in play-akka.actor.default-dispatcher-5 
select t0.problemId c0, t0.problemName c1, t0.problemQuestion c2 from ProblemDescriptors t0

2014-09-30 16:34:45,678 - [DEBUG] - from com.jolbox.bonecp.PreparedStatementHandle in play-akka.actor.default-dispatcher-5 
select t0.problemId c0, t0.parameterId c1, t0.problemId c2, t0.parameterName c3, t0.parameterProperName c4, t0.parameterDefaultValue c5 from ProblemParameters t0 where (t0.problemId) in (1) 

2014-09-30 16:34:45,679 - [DEBUG] - from com.jolbox.bonecp.PreparedStatementHandle in play-akka.actor.default-dispatcher-5 
select t0.problemId c0, t0.parameterId c1, t0.problemId c2, t0.parameterName c3, t0.parameterProperName c4, t0.parameterDefaultValue c5 from ProblemParameters t0 where (t0.problemId) in (2) 

2014-09-30 16:34:45,680 - [DEBUG] - from com.jolbox.bonecp.PreparedStatementHandle in play-akka.actor.default-dispatcher-5 
select t0.problemId c0, t0.parameterId c1, t0.problemId c2, t0.parameterName c3, t0.parameterProperName c4, t0.parameterDefaultValue c5 from ProblemParameters t0 where (t0.problemId) in (3) 

2014-09-30 16:34:50,550 - [INFO] - from com.jolbox.bonecp.BoneCP in play-internal-execution-context-1 
Shutting down connection pool...

2014-09-30 16:34:50,551 - [DEBUG] - from com.jolbox.bonecp.PoolWatchThread in BoneCP-pool-watch-thread 
Terminating pool watch thread

2014-09-30 16:34:50,552 - [INFO] - from com.jolbox.bonecp.BoneCP in play-internal-execution-context-1 
Connection pool has been shutdown.

2014-09-30 16:34:50,553 - [DEBUG] - from com.jolbox.bonecp.BoneCPDataSource in play-internal-execution-context-1 
Connection pool has been shut down

2014-09-30 16:34:50,589 - [DEBUG] - from com.jolbox.bonecp.BoneCPDataSource in play-internal-execution-context-1 
JDBC URL = jdbc:sqlite:conf/problemsdb.sql, Username = null, partitions = 1, max (per partition) = 30, min (per partition) = 5, idle max age = 10 min, idle test period = 1 min, strategy = DEFAULT

2014-09-30 16:34:50,589 - [WARN] - from com.jolbox.bonecp.BoneCPConfig in play-internal-execution-context-1 
JDBC username was not set in config!

2014-09-30 16:34:50,589 - [WARN] - from com.jolbox.bonecp.BoneCPConfig in play-internal-execution-context-1 
JDBC password was not set in config!

2014-09-30 16:34:50,591 - [INFO] - from play in play-internal-execution-context-1 
database [default] connected at jdbc:sqlite:conf/problemsdb.sql

2014-09-30 16:34:50,623 - [INFO] - from play in play-internal-execution-context-1 
Application started (Dev)

2014-09-30 16:34:50,641 - [DEBUG] - from com.jolbox.bonecp.PreparedStatementHandle in play-akka.actor.default-dispatcher-5 
select t0.problemId c0, t0.problemName c1, t0.problemQuestion c2 from ProblemDescriptors t0 where t0.problemId = 1  

2014-09-30 16:34:50,643 - [DEBUG] - from com.jolbox.bonecp.PreparedStatementHandle in play-akka.actor.default-dispatcher-5 
select t0.problemId c0, t0.parameterId c1, t0.problemId c2, t0.parameterName c3, t0.parameterProperName c4, t0.parameterDefaultValue c5 from ProblemParameters t0 where (t0.problemId) in (1) 

2014-09-30 16:35:03,284 - [DEBUG] - from com.jolbox.bonecp.PreparedStatementHandle in play-akka.actor.default-dispatcher-6 
select t0.problemId c0, t0.problemName c1, t0.problemQuestion c2 from ProblemDescriptors t0 where t0.problemId = 1  

2014-09-30 16:35:03,285 - [DEBUG] - from com.jolbox.bonecp.PreparedStatementHandle in play-akka.actor.default-dispatcher-6 
select t0.problemId c0, t0.parameterId c1, t0.problemId c2, t0.parameterName c3, t0.parameterProperName c4, t0.parameterDefaultValue c5 from ProblemParameters t0 where (t0.problemId) in (1) 

2014-09-30 16:36:19,281 - [INFO] - from com.jolbox.bonecp.BoneCP in pool-4-thread-6 
Shutting down connection pool...

2014-09-30 16:36:19,281 - [DEBUG] - from com.jolbox.bonecp.PoolWatchThread in BoneCP-pool-watch-thread 
Terminating pool watch thread

2014-09-30 16:36:19,283 - [INFO] - from com.jolbox.bonecp.BoneCP in pool-4-thread-6 
Connection pool has been shutdown.

2014-09-30 16:36:19,283 - [DEBUG] - from com.jolbox.bonecp.BoneCPDataSource in pool-4-thread-6 
Connection pool has been shut down

